  main.cpp
C:\cygwin64\home\Administrator\gamephysicstemplate\Simulations\main.cpp(43,27): warning C4305: 'initializing': truncation from 'double' to 'float'
C:\cygwin64\home\Administrator\gamephysicstemplate\Simulations\util\vectorbase.h(204,36): warning C4244: 'argument': conversion from 'const Scalar' to 'float', possible loss of data
          with
          [
              Scalar=GamePhysics::Real
          ]
C:\cygwin64\home\Administrator\gamephysicstemplate\Simulations\util\vectorbase.h(203): message : while compiling class template member function 'DirectX::XMVECTOR GamePhysics::vector3Dim<GamePhysics::Real>::toDirectXVector(void) const'
C:\cygwin64\home\Administrator\gamephysicstemplate\Simulations\DrawingUtilitiesClass.h(285): message : see reference to function template instantiation 'DirectX::XMVECTOR GamePhysics::vector3Dim<GamePhysics::Real>::toDirectXVector(void) const' being compiled
C:\cygwin64\home\Administrator\gamephysicstemplate\Simulations\util\vectorbase.h(859): message : see reference to class template instantiation 'GamePhysics::vector3Dim<GamePhysics::Real>' being compiled
C:\cygwin64\home\Administrator\gamephysicstemplate\Simulations\util\vectorbase.h(204,34): warning C4244: 'argument': conversion from 'const Scalar' to 'float', possible loss of data
          with
          [
              Scalar=GamePhysics::Real
          ]
C:\cygwin64\home\Administrator\gamephysicstemplate\Simulations\util\vectorbase.h(204,32): warning C4244: 'argument': conversion from 'const Scalar' to 'float', possible loss of data
          with
          [
              Scalar=GamePhysics::Real
          ]
C:\cygwin64\home\Administrator\gamephysicstemplate\Simulations\util\matrixbase.h(777,79): warning C4244: 'argument': conversion from 'Scalar' to 'float', possible loss of data
          with
          [
              Scalar=double
          ]
C:\cygwin64\home\Administrator\gamephysicstemplate\Simulations\util\matrixbase.h(773): message : while compiling class template member function 'DirectX::XMMATRIX GamePhysics::matrix4x4<double>::toDirectXMatrix(void)'
C:\cygwin64\home\Administrator\gamephysicstemplate\Simulations\DrawingUtilitiesClass.h(380): message : see reference to function template instantiation 'DirectX::XMMATRIX GamePhysics::matrix4x4<double>::toDirectXMatrix(void)' being compiled
C:\cygwin64\home\Administrator\gamephysicstemplate\Simulations\DrawingUtilitiesClass.h(379): message : see reference to class template instantiation 'GamePhysics::matrix4x4<double>' being compiled
C:\cygwin64\home\Administrator\gamephysicstemplate\Simulations\util\matrixbase.h(777,61): warning C4244: 'argument': conversion from 'Scalar' to 'float', possible loss of data
          with
          [
              Scalar=double
          ]
C:\cygwin64\home\Administrator\gamephysicstemplate\Simulations\util\matrixbase.h(777,43): warning C4244: 'argument': conversion from 'Scalar' to 'float', possible loss of data
          with
          [
              Scalar=double
          ]
C:\cygwin64\home\Administrator\gamephysicstemplate\Simulations\util\matrixbase.h(777,25): warning C4244: 'argument': conversion from 'Scalar' to 'float', possible loss of data
          with
          [
              Scalar=double
          ]
C:\cygwin64\home\Administrator\gamephysicstemplate\Simulations\util\matrixbase.h(776,79): warning C4244: 'argument': conversion from 'Scalar' to 'float', possible loss of data
          with
          [
              Scalar=double
          ]
C:\cygwin64\home\Administrator\gamephysicstemplate\Simulations\util\matrixbase.h(776,61): warning C4244: 'argument': conversion from 'Scalar' to 'float', possible loss of data
          with
          [
              Scalar=double
          ]
C:\cygwin64\home\Administrator\gamephysicstemplate\Simulations\util\matrixbase.h(776,43): warning C4244: 'argument': conversion from 'Scalar' to 'float', possible loss of data
          with
          [
              Scalar=double
          ]
C:\cygwin64\home\Administrator\gamephysicstemplate\Simulations\util\matrixbase.h(776,25): warning C4244: 'argument': conversion from 'Scalar' to 'float', possible loss of data
          with
          [
              Scalar=double
          ]
C:\cygwin64\home\Administrator\gamephysicstemplate\Simulations\util\matrixbase.h(775,79): warning C4244: 'argument': conversion from 'Scalar' to 'float', possible loss of data
          with
          [
              Scalar=double
          ]
C:\cygwin64\home\Administrator\gamephysicstemplate\Simulations\util\matrixbase.h(775,61): warning C4244: 'argument': conversion from 'Scalar' to 'float', possible loss of data
          with
          [
              Scalar=double
          ]
C:\cygwin64\home\Administrator\gamephysicstemplate\Simulations\util\matrixbase.h(775,43): warning C4244: 'argument': conversion from 'Scalar' to 'float', possible loss of data
          with
          [
              Scalar=double
          ]
C:\cygwin64\home\Administrator\gamephysicstemplate\Simulations\util\matrixbase.h(775,25): warning C4244: 'argument': conversion from 'Scalar' to 'float', possible loss of data
          with
          [
              Scalar=double
          ]
C:\cygwin64\home\Administrator\gamephysicstemplate\Simulations\util\matrixbase.h(774,97): warning C4244: 'argument': conversion from 'Scalar' to 'float', possible loss of data
          with
          [
              Scalar=double
          ]
C:\cygwin64\home\Administrator\gamephysicstemplate\Simulations\util\matrixbase.h(774,79): warning C4244: 'argument': conversion from 'Scalar' to 'float', possible loss of data
          with
          [
              Scalar=double
          ]
C:\cygwin64\home\Administrator\gamephysicstemplate\Simulations\util\matrixbase.h(774,61): warning C4244: 'argument': conversion from 'Scalar' to 'float', possible loss of data
          with
          [
              Scalar=double
          ]
C:\cygwin64\home\Administrator\gamephysicstemplate\Simulations\util\matrixbase.h(774,43): warning C4244: 'argument': conversion from 'Scalar' to 'float', possible loss of data
          with
          [
              Scalar=double
          ]
  Generating code
  Previous IPDB not found, fall back to full compilation.
  All 1403 functions were compiled because no usable IPDB/IOBJ from previous compilation was found.
  Finished generating code
  SimulationsRunner_2017.vcxproj -> C:\cygwin64\home\Administrator\gamephysicstemplate\Win32\Release\SimulationsRunner_2017.exe
